#
# There is insufficient memory for the Java Runtime Environment to continue.
# Native memory allocation (mmap) failed to map 65536 bytes for Failed to commit metaspace.
# Possible reasons:
#   The system is out of physical RAM or swap space
#   The process is running with CompressedOops enabled, and the Java Heap may be blocking the growth of the native heap
# Possible solutions:
#   Reduce memory load on the system
#   Increase physical memory or swap space
#   Check if swap backing store is full
#   Decrease Java heap size (-Xmx/-Xms)
#   Decrease number of Java threads
#   Decrease Java thread stack sizes (-Xss)
#   Set larger code cache with -XX:ReservedCodeCacheSize=
#   JVM is running with Unscaled Compressed Oops mode in which the Java heap is
#     placed in the first 4GB address space. The Java Heap base address is the
#     maximum limit for the native heap growth. Please use -XX:HeapBaseMinAddress
#     to set the Java Heap base and to place the Java Heap above 4GB virtual address.
# This output file may be truncated or incomplete.
#
#  Out of Memory Error (virtualSpaceNode.cpp:110), pid=3396, tid=10032
#
# JRE version: Java(TM) SE Runtime Environment (17.0.7+8) (build 17.0.7+8-LTS-224)
# Java VM: Java HotSpot(TM) 64-Bit Server VM (17.0.7+8-LTS-224, mixed mode, sharing, tiered, compressed oops, compressed class ptrs, g1 gc, windows-amd64)
# No core dump will be written. Minidumps are not enabled by default on client versions of Windows
#

---------------  S U M M A R Y ------------

Command Line: -XX:+ShowCodeDetailsInExceptionMessages -Dfile.encoding=UTF-8 learn.spring.api.ApiApplication

Host: Intel(R) Core(TM) i3-5005U CPU @ 2.00GHz, 4 cores, 3G,  Windows 10 , 64 bit Build 19041 (10.0.19041.3031)
Time: Thu Jun 15 19:29:19 2023 Hora oficial do Brasil elapsed time: 7.217605 seconds (0d 0h 0m 7s)

---------------  T H R E A D  ---------------

Current thread (0x0000017e5539a880):  JavaThread "main" [_thread_in_vm, id=10032, stack(0x0000002207e00000,0x0000002207f00000)]

Stack: [0x0000002207e00000,0x0000002207f00000]
Native frames: (J=compiled Java code, j=interpreted, Vv=VM code, C=native code)
V  [jvm.dll+0x676a4a]
V  [jvm.dll+0x7d74f4]
V  [jvm.dll+0x7d8c9e]
V  [jvm.dll+0x7d9303]
V  [jvm.dll+0x2452c5]
V  [jvm.dll+0x7d35fb]
V  [jvm.dll+0x61ca36]
V  [jvm.dll+0x1bfbf7]
V  [jvm.dll+0x61f390]
V  [jvm.dll+0x61d3f6]
V  [jvm.dll+0x6270f7]
V  [jvm.dll+0x1e96ad]
V  [jvm.dll+0x1e9c75]
V  [jvm.dll+0x1ea5bb]
V  [jvm.dll+0x1dfdc1]
V  [jvm.dll+0x53cf0c]
V  [jvm.dll+0x752158]
V  [jvm.dll+0x752244]
V  [jvm.dll+0x40b12f]
V  [jvm.dll+0x411149]
C  [java.dll+0x17ec]

Java frames: (J=compiled Java code, j=interpreted, Vv=VM code)
J 743  java.lang.ClassLoader.defineClass1(Ljava/lang/ClassLoader;Ljava/lang/String;[BIILjava/security/ProtectionDomain;Ljava/lang/String;)Ljava/lang/Class; java.base@17.0.7 (0 bytes) @ 0x0000017e647345e3 [0x0000017e64734520+0x00000000000000c3]
J 1032 c1 java.lang.ClassLoader.defineClass(Ljava/lang/String;[BIILjava/security/ProtectionDomain;)Ljava/lang/Class; java.base@17.0.7 (43 bytes) @ 0x0000017e5cdf05d4 [0x0000017e5cdf0280+0x0000000000000354]
J 920 c1 java.security.SecureClassLoader.defineClass(Ljava/lang/String;[BIILjava/security/CodeSource;)Ljava/lang/Class; java.base@17.0.7 (16 bytes) @ 0x0000017e5cdc1b0c [0x0000017e5cdc1a40+0x00000000000000cc]
J 847 c1 jdk.internal.loader.BuiltinClassLoader.defineClass(Ljava/lang/String;Ljdk/internal/loader/Resource;)Ljava/lang/Class; java.base@17.0.7 (121 bytes) @ 0x0000017e5cd9ea64 [0x0000017e5cd9db00+0x0000000000000f64]
J 701 c1 jdk.internal.loader.BuiltinClassLoader.findClassOnClassPathOrNull(Ljava/lang/String;)Ljava/lang/Class; java.base@17.0.7 (64 bytes) @ 0x0000017e5cd5385c [0x0000017e5cd527e0+0x000000000000107c]
J 481 c1 jdk.internal.loader.BuiltinClassLoader.loadClassOrNull(Ljava/lang/String;Z)Ljava/lang/Class; java.base@17.0.7 (143 bytes) @ 0x0000017e5ccdb74c [0x0000017e5ccda840+0x0000000000000f0c]
J 582 c1 jdk.internal.loader.ClassLoaders$AppClassLoader.loadClass(Ljava/lang/String;Z)Ljava/lang/Class; java.base@17.0.7 (40 bytes) @ 0x0000017e5cd16f04 [0x0000017e5cd168e0+0x0000000000000624]
J 581 c1 java.lang.ClassLoader.loadClass(Ljava/lang/String;)Ljava/lang/Class; java.base@17.0.7 (7 bytes) @ 0x0000017e5cd1654c [0x0000017e5cd16440+0x000000000000010c]
v  ~StubRoutines::call_stub
J 827  java.lang.Class.forName0(Ljava/lang/String;ZLjava/lang/ClassLoader;Ljava/lang/Class;)Ljava/lang/Class; java.base@17.0.7 (0 bytes) @ 0x0000017e64739daf [0x0000017e64739d20+0x000000000000008f]
J 929 c1 java.lang.Class.forName(Ljava/lang/String;ZLjava/lang/ClassLoader;)Ljava/lang/Class; java.base@17.0.7 (47 bytes) @ 0x0000017e5cdc4994 [0x0000017e5cdc4600+0x0000000000000394]
J 1484 c1 sun.reflect.generics.factory.CoreReflectionFactory.makeNamedType(Ljava/lang/String;)Ljava/lang/reflect/Type; java.base@17.0.7 (21 bytes) @ 0x0000017e5cebbffc [0x0000017e5cebbf60+0x000000000000009c]
J 1529 c1 sun.reflect.generics.visitor.Reifier.visitClassTypeSignature(Lsun/reflect/generics/tree/ClassTypeSignature;)V java.base@17.0.7 (381 bytes) @ 0x0000017e5ced2bbc [0x0000017e5ced20a0+0x0000000000000b1c]
J 1486 c1 sun.reflect.generics.tree.ClassTypeSignature.accept(Lsun/reflect/generics/visitor/TypeTreeVisitor;)V java.base@17.0.7 (8 bytes) @ 0x0000017e5cebf384 [0x0000017e5cebf2c0+0x00000000000000c4]
J 1767 c1 sun.reflect.annotation.AnnotationParser.parseSig(Ljava/lang/String;Ljava/lang/Class;)Ljava/lang/Class; java.base@17.0.7 (62 bytes) @ 0x0000017e5cf5fa4c [0x0000017e5cf5f300+0x000000000000074c]
j  sun.reflect.annotation.AnnotationParser.parseClassValue(Ljava/nio/ByteBuffer;Ljdk/internal/reflect/ConstantPool;Ljava/lang/Class;)Ljava/lang/Object;+18 java.base@17.0.7
j  sun.reflect.annotation.AnnotationParser.lambda$parseClassArray$0(Ljava/nio/ByteBuffer;Ljdk/internal/reflect/ConstantPool;Ljava/lang/Class;)Ljava/lang/Object;+3 java.base@17.0.7
j  sun.reflect.annotation.AnnotationParser$$Lambda$211+0x0000000800cef510.get()Ljava/lang/Object;+12 java.base@17.0.7
j  sun.reflect.annotation.AnnotationParser.parseArrayElements([Ljava/lang/Object;Ljava/nio/ByteBuffer;ILjava/util/function/Supplier;)Ljava/lang/Object;+26 java.base@17.0.7
j  sun.reflect.annotation.AnnotationParser.parseClassArray(ILjava/nio/ByteBuffer;Ljdk/internal/reflect/ConstantPool;Ljava/lang/Class;)Ljava/lang/Object;+15 java.base@17.0.7
J 2141 c1 sun.reflect.annotation.AnnotationParser.parseArray(Ljava/lang/Class;Ljava/nio/ByteBuffer;Ljdk/internal/reflect/ConstantPool;Ljava/lang/Class;)Ljava/lang/Object; java.base@17.0.7 (220 bytes) @ 0x0000017e5d03d604 [0x0000017e5d03cc80+0x0000000000000984]
J 1799 c1 sun.reflect.annotation.AnnotationParser.parseMemberValue(Ljava/lang/Class;Ljava/nio/ByteBuffer;Ljdk/internal/reflect/ConstantPool;Ljava/lang/Class;)Ljava/lang/Object; java.base@17.0.7 (230 bytes) @ 0x0000017e5cf7867c [0x0000017e5cf767a0+0x0000000000001edc]
J 2174 c1 sun.reflect.annotation.AnnotationParser.parseAnnotation2(Ljava/nio/ByteBuffer;Ljdk/internal/reflect/ConstantPool;Ljava/lang/Class;Z[Ljava/lang/Class;)Ljava/lang/annotation/Annotation; java.base@17.0.7 (271 bytes) @ 0x0000017e5d05720c [0x0000017e5d0567a0+0x0000000000000a6c]
j  sun.reflect.annotation.AnnotationParser.parseAnnotations2([BLjdk/internal/reflect/ConstantPool;Ljava/lang/Class;[Ljava/lang/Class;)Ljava/util/Map;+41 java.base@17.0.7
J 1673 c1 sun.reflect.annotation.AnnotationParser.parseAnnotations([BLjdk/internal/reflect/ConstantPool;Ljava/lang/Class;)Ljava/util/Map; java.base@17.0.7 (37 bytes) @ 0x0000017e5cf2976c [0x0000017e5cf29680+0x00000000000000ec]
J 1809 c1 java.lang.Class.createAnnotationData(I)Ljava/lang/Class$AnnotationData; java.base@17.0.7 (195 bytes) @ 0x0000017e5cf7cbdc [0x0000017e5cf7cb00+0x00000000000000dc]
J 1604 c1 java.lang.Class.annotationData()Ljava/lang/Class$AnnotationData; java.base@17.0.7 (44 bytes) @ 0x0000017e5cf02864 [0x0000017e5cf02760+0x0000000000000104]
j  java.lang.Class.getDeclaredAnnotations()[Ljava/lang/annotation/Annotation;+1 java.base@17.0.7
J 1654 c1 org.springframework.core.annotation.AnnotationsScanner.getDeclaredAnnotations(Ljava/lang/reflect/AnnotatedElement;Z)[Ljava/lang/annotation/Annotation; (166 bytes) @ 0x0000017e5cf1c834 [0x0000017e5cf1c5a0+0x0000000000000294]
j  org.springframework.core.annotation.AnnotationTypeMappings.addMetaAnnotationsToQueue(Ljava/util/Deque;Lorg/springframework/core/annotation/AnnotationTypeMapping;)V+5
j  org.springframework.core.annotation.AnnotationTypeMappings.addAllMappings(Ljava/lang/Class;)V+49
j  org.springframework.core.annotation.AnnotationTypeMappings.<init>(Lorg/springframework/core/annotation/RepeatableContainers;Lorg/springframework/core/annotation/AnnotationFilter;Ljava/lang/Class;)V+27
j  org.springframework.core.annotation.AnnotationTypeMappings$Cache.createMappings(Ljava/lang/Class;)Lorg/springframework/core/annotation/AnnotationTypeMappings;+13
j  org.springframework.core.annotation.AnnotationTypeMappings$Cache$$Lambda$60+0x0000000800c82948.apply(Ljava/lang/Object;)Ljava/lang/Object;+8
J 1795 c1 java.util.concurrent.ConcurrentMap.computeIfAbsent(Ljava/lang/Object;Ljava/util/function/Function;)Ljava/lang/Object; java.base@17.0.7 (51 bytes) @ 0x0000017e5cf75284 [0x0000017e5cf75000+0x0000000000000284]
J 2117 c1 org.springframework.core.annotation.AnnotationTypeMappings.forAnnotationType(Ljava/lang/Class;Lorg/springframework/core/annotation/RepeatableContainers;Lorg/springframework/core/annotation/AnnotationFilter;)Lorg/springframework/core/annotation/AnnotationTypeMappings; (71 bytes) @ 0x0000017e5d034de4 [0x0000017e5d033660+0x0000000000001784]
J 2139 c1 org.springframework.core.annotation.AnnotationTypeMappings.forAnnotationType(Ljava/lang/Class;)Lorg/springframework/core/annotation/AnnotationTypeMappings; (8 bytes) @ 0x0000017e5d03c324 [0x0000017e5d03c240+0x00000000000000e4]
j  org.springframework.core.annotation.TypeMappedAnnotation.of(Ljava/lang/ClassLoader;Ljava/lang/Object;Ljava/lang/Class;Ljava/util/Map;)Lorg/springframework/core/annotation/MergedAnnotation;+8
j  org.springframework.core.annotation.MergedAnnotation.of(Ljava/lang/ClassLoader;Ljava/lang/Object;Ljava/lang/Class;Ljava/util/Map;)Lorg/springframework/core/annotation/MergedAnnotation;+4
j  org.springframework.core.type.classreading.MergedAnnotationReadingVisitor.visitEnd()V+36
J 2128 c1 org.springframework.asm.ClassReader.readElementValues(Lorg/springframework/asm/AnnotationVisitor;IZ[C)I (88 bytes) @ 0x0000017e5d038fec [0x0000017e5d038b20+0x00000000000004cc]
j  org.springframework.asm.ClassReader.accept(Lorg/springframework/asm/ClassVisitor;[Lorg/springframework/asm/Attribute;I)V+866
j  org.springframework.asm.ClassReader.accept(Lorg/springframework/asm/ClassVisitor;I)V+7
j  org.springframework.core.type.classreading.SimpleMetadataReader.<init>(Lorg/springframework/core/io/Resource;Ljava/lang/ClassLoader;)V+20
j  org.springframework.core.type.classreading.SimpleMetadataReaderFactory.getMetadataReader(Lorg/springframework/core/io/Resource;)Lorg/springframework/core/type/classreading/MetadataReader;+14
j  org.springframework.boot.type.classreading.ConcurrentReferenceCachingMetadataReaderFactory.createMetadataReader(Lorg/springframework/core/io/Resource;)Lorg/springframework/core/type/classreading/MetadataReader;+2
j  org.springframework.boot.type.classreading.ConcurrentReferenceCachingMetadataReaderFactory.getMetadataReader(Lorg/springframework/core/io/Resource;)Lorg/springframework/core/type/classreading/MetadataReader;+20
j  org.springframework.core.type.classreading.SimpleMetadataReaderFactory.getMetadataReader(Ljava/lang/String;)Lorg/springframework/core/type/classreading/MetadataReader;+23
j  org.springframework.context.annotation.ConfigurationClassParser.asSourceClass(Ljava/lang/String;Ljava/util/function/Predicate;)Lorg/springframework/context/annotation/ConfigurationClassParser$SourceClass;+77
j  org.springframework.context.annotation.ConfigurationClassParser$SourceClass.getMemberClasses()Ljava/util/Collection;+169
j  org.springframework.context.annotation.ConfigurationClassParser.processMemberClasses(Lorg/springframework/context/annotation/ConfigurationClass;Lorg/springframework/context/annotation/ConfigurationClassParser$SourceClass;Ljava/util/function/Predicate;)V+1
j  org.springframework.context.annotation.ConfigurationClassParser.doProcessConfigurationClass(Lorg/springframework/context/annotation/ConfigurationClass;Lorg/springframework/context/annotation/ConfigurationClassParser$SourceClass;Ljava/util/function/Predicate;)Lorg/springframework/context/annotation/ConfigurationClassParser$SourceClass;+22
j  org.springframework.context.annotation.ConfigurationClassParser.processConfigurationClass(Lorg/springframework/context/annotation/ConfigurationClass;Ljava/util/function/Predicate;)V+106
j  org.springframework.context.annotation.ConfigurationClassParser.processImports(Lorg/springframework/context/annotation/ConfigurationClass;Lorg/springframework/context/annotation/ConfigurationClassParser$SourceClass;Ljava/util/Collection;Ljava/util/function/Predicate;Z)V+304
j  org.springframework.context.annotation.ConfigurationClassParser$DeferredImportSelectorGroupingHandler.lambda$processGroupImports$1(Ljava/util/function/Predicate;Lorg/springframework/context/annotation/DeferredImportSelector$Group$Entry;)V+48
j  org.springframework.context.annotation.ConfigurationClassParser$DeferredImportSelectorGroupingHandler$$Lambda$312+0x0000000800e3a9d8.accept(Ljava/lang/Object;)V+12
j  java.lang.Iterable.forEach(Ljava/util/function/Consumer;)V+30 java.base@17.0.7
j  org.springframework.context.annotation.ConfigurationClassParser$DeferredImportSelectorGroupingHandler.processGroupImports()V+50
j  org.springframework.context.annotation.ConfigurationClassParser$DeferredImportSelectorHandler.process()V+53
j  org.springframework.context.annotation.ConfigurationClassParser.parse(Ljava/util/Set;)V+158
j  org.springframework.context.annotation.ConfigurationClassPostProcessor.processConfigBeanDefinitions(Lorg/springframework/beans/factory/support/BeanDefinitionRegistry;)V+301
j  org.springframework.context.annotation.ConfigurationClassPostProcessor.postProcessBeanDefinitionRegistry(Lorg/springframework/beans/factory/support/BeanDefinitionRegistry;)V+81
j  org.springframework.context.support.PostProcessorRegistrationDelegate.invokeBeanDefinitionRegistryPostProcessors(Ljava/util/Collection;Lorg/springframework/beans/factory/support/BeanDefinitionRegistry;Lorg/springframework/core/metrics/ApplicationStartup;)V+59
j  org.springframework.context.support.PostProcessorRegistrationDelegate.invokeBeanFactoryPostProcessors(Lorg/springframework/beans/factory/config/ConfigurableListableBeanFactory;Ljava/util/List;)V+238
j  org.springframework.context.support.AbstractApplicationContext.invokeBeanFactoryPostProcessors(Lorg/springframework/beans/factory/config/ConfigurableListableBeanFactory;)V+5
j  org.springframework.context.support.AbstractApplicationContext.refresh()V+53
j  org.springframework.boot.web.servlet.context.ServletWebServerApplicationContext.refresh()V+1
j  org.springframework.boot.SpringApplication.refresh(Lorg/springframework/context/ConfigurableApplicationContext;)V+1
j  org.springframework.boot.SpringApplication.refreshContext(Lorg/springframework/context/ConfigurableApplicationContext;)V+16
j  org.springframework.boot.SpringApplication.run([Ljava/lang/String;)Lorg/springframework/context/ConfigurableApplicationContext;+101
j  org.springframework.boot.SpringApplication.run([Ljava/lang/Class;[Ljava/lang/String;)Lorg/springframework/context/ConfigurableApplicationContext;+9
j  org.springframework.boot.SpringApplication.run(Ljava/lang/Class;[Ljava/lang/String;)Lorg/springframework/context/ConfigurableApplicationContext;+9
j  learn.spring.api.ApiApplication.main([Ljava/lang/String;)V+3
v  ~StubRoutines::call_stub

---------------  P R O C E S S  ---------------

Threads class SMR info:
_java_thread_list=0x0000017e71e22640, length=13, elements={
0x0000017e5539a880, 0x0000017e55457fc0, 0x0000017e55458e30, 0x0000017e554691f0,
0x0000017e55469cb0, 0x0000017e5546c770, 0x0000017e5546d120, 0x0000017e5546deb0,
0x0000017e70636690, 0x0000017e70636ba0, 0x0000017e71051ed0, 0x0000017e710662a0,
0x0000017e71ecba30
}

Java Threads: ( => current thread )
=>0x0000017e5539a880 JavaThread "main" [_thread_in_vm, id=10032, stack(0x0000002207e00000,0x0000002207f00000)]
  0x0000017e55457fc0 JavaThread "Reference Handler" daemon [_thread_blocked, id=6200, stack(0x0000002208500000,0x0000002208600000)]
  0x0000017e55458e30 JavaThread "Finalizer" daemon [_thread_blocked, id=4188, stack(0x0000002208600000,0x0000002208700000)]
  0x0000017e554691f0 JavaThread "Signal Dispatcher" daemon [_thread_blocked, id=12320, stack(0x0000002208700000,0x0000002208800000)]
  0x0000017e55469cb0 JavaThread "Attach Listener" daemon [_thread_blocked, id=3556, stack(0x0000002208800000,0x0000002208900000)]
  0x0000017e5546c770 JavaThread "Service Thread" daemon [_thread_blocked, id=6492, stack(0x0000002208900000,0x0000002208a00000)]
  0x0000017e5546d120 JavaThread "Monitor Deflation Thread" daemon [_thread_blocked, id=6928, stack(0x0000002208a00000,0x0000002208b00000)]
  0x0000017e5546deb0 JavaThread "C2 CompilerThread0" daemon [_thread_blocked, id=12312, stack(0x0000002208b00000,0x0000002208c00000)]
  0x0000017e70636690 JavaThread "C1 CompilerThread0" daemon [_thread_blocked, id=8612, stack(0x0000002208c00000,0x0000002208d00000)]
  0x0000017e70636ba0 JavaThread "Sweeper thread" daemon [_thread_blocked, id=3940, stack(0x0000002208d00000,0x0000002208e00000)]
  0x0000017e71051ed0 JavaThread "Notification Thread" daemon [_thread_blocked, id=1304, stack(0x0000002208e00000,0x0000002208f00000)]
  0x0000017e710662a0 JavaThread "Common-Cleaner" daemon [_thread_blocked, id=7292, stack(0x0000002209000000,0x0000002209100000)]
  0x0000017e71ecba30 JavaThread "background-preinit" [_thread_in_vm, id=5464, stack(0x0000002209400000,0x0000002209500000)]

Other Threads:
  0x0000017e55450350 VMThread "VM Thread" [stack: 0x0000002208400000,0x0000002208500000] [id=9936]
  0x0000017e710595f0 WatcherThread [stack: 0x0000002208f00000,0x0000002209000000] [id=13212]
  0x0000017e553d6620 GCTaskThread "GC Thread#0" [stack: 0x0000002207f00000,0x0000002208000000] [id=14992]
  0x0000017e718c0200 GCTaskThread "GC Thread#1" [stack: 0x0000002209100000,0x0000002209200000] [id=9152]
  0x0000017e7188c3f0 GCTaskThread "GC Thread#2" [stack: 0x0000002209200000,0x0000002209300000] [id=5088]
  0x0000017e718eef70 GCTaskThread "GC Thread#3" [stack: 0x0000002209300000,0x0000002209400000] [id=14660]
  0x0000017e553df2a0 ConcurrentGCThread "G1 Main Marker" [stack: 0x0000002208000000,0x0000002208100000] [id=13128]
  0x0000017e553dfcb0 ConcurrentGCThread "G1 Conc#0" [stack: 0x0000002208100000,0x0000002208200000] [id=14404]
  0x0000017e5542cf20 ConcurrentGCThread "G1 Refine#0" [stack: 0x0000002208200000,0x0000002208300000] [id=4916]
  0x0000017e5542d940 ConcurrentGCThread "G1 Service" [stack: 0x0000002208300000,0x0000002208400000] [id=1156]

Threads with active compile tasks:

VM state: not at safepoint (normal execution)

VM Mutex/Monitor currently owned by a thread:  ([mutex/lock_event])
[0x0000017e55392b50] Metaspace_lock - owner thread: 0x0000017e5539a880

Heap address: 0x00000000c1600000, size: 1002 MB, Compressed Oops mode: 32-bit

CDS archive(s) mapped at: [0x0000000800000000-0x0000000800bd0000-0x0000000800bd0000), size 12386304, SharedBaseAddress: 0x0000000800000000, ArchiveRelocationMode: 0.
Compressed class space mapped at: 0x0000000800c00000-0x0000000840c00000, reserved size: 1073741824
Narrow klass base: 0x0000000800000000, Narrow klass shift: 0, Narrow klass range: 0x100000000

GC Precious Log:
 CPUs: 4 total, 4 available
 Memory: 4007M
 Large Page Support: Disabled
 NUMA Support: Disabled
 Compressed Oops: Enabled (32-bit)
 Heap Region Size: 1M
 Heap Min Capacity: 8M
 Heap Initial Capacity: 64M
 Heap Max Capacity: 1002M
 Pre-touch: Disabled
 Parallel Workers: 4
 Concurrent Workers: 1
 Concurrent Refinement Workers: 4
 Periodic GC: Disabled

Heap:
 garbage-first heap   total 65536K, used 12093K [0x00000000c1600000, 0x0000000100000000)
  region size 1024K, 7 young (7168K), 5 survivors (5120K)
 Metaspace       used 17627K, committed 17856K, reserved 1064960K
  class space    used 2231K, committed 2368K, reserved 1048576K

Heap Regions: E=young(eden), S=young(survivor), O=old, HS=humongous(starts), HC=humongous(continues), CS=collection set, F=free, OA=open archive, CA=closed archive, TAMS=top-at-mark-start (previous, next)
|   0|0x00000000c1600000, 0x00000000c1700000, 0x00000000c1700000|100%|HS|  |TAMS 0x00000000c1600000, 0x00000000c1600000| Complete 
|   1|0x00000000c1700000, 0x00000000c1800000, 0x00000000c1800000|100%| O|  |TAMS 0x00000000c1700000, 0x00000000c1700000| Untracked 
|   2|0x00000000c1800000, 0x00000000c1900000, 0x00000000c1900000|100%| O|  |TAMS 0x00000000c1800000, 0x00000000c1800000| Untracked 
|   3|0x00000000c1900000, 0x00000000c1a00000, 0x00000000c1a00000|100%| O|  |TAMS 0x00000000c1900000, 0x00000000c1900000| Untracked 
|   4|0x00000000c1a00000, 0x00000000c1b00000, 0x00000000c1b00000|100%| O|  |TAMS 0x00000000c1a00000, 0x00000000c1a00000| Untracked 
|   5|0x00000000c1b00000, 0x00000000c1bef000, 0x00000000c1c00000| 93%| O|  |TAMS 0x00000000c1b00000, 0x00000000c1b00000| Untracked 
|   6|0x00000000c1c00000, 0x00000000c1c00000, 0x00000000c1d00000|  0%| F|  |TAMS 0x00000000c1c00000, 0x00000000c1c00000| Untracked 
|   7|0x00000000c1d00000, 0x00000000c1d00000, 0x00000000c1e00000|  0%| F|  |TAMS 0x00000000c1d00000, 0x00000000c1d00000| Untracked 
|   8|0x00000000c1e00000, 0x00000000c1e00000, 0x00000000c1f00000|  0%| F|  |TAMS 0x00000000c1e00000, 0x00000000c1e00000| Untracked 
|   9|0x00000000c1f00000, 0x00000000c1f00000, 0x00000000c2000000|  0%| F|  |TAMS 0x00000000c1f00000, 0x00000000c1f00000| Untracked 
|  10|0x00000000c2000000, 0x00000000c2000000, 0x00000000c2100000|  0%| F|  |TAMS 0x00000000c2000000, 0x00000000c2000000| Untracked 
|  11|0x00000000c2100000, 0x00000000c2100000, 0x00000000c2200000|  0%| F|  |TAMS 0x00000000c2100000, 0x00000000c2100000| Untracked 
|  12|0x00000000c2200000, 0x00000000c2200000, 0x00000000c2300000|  0%| F|  |TAMS 0x00000000c2200000, 0x00000000c2200000| Untracked 
|  13|0x00000000c2300000, 0x00000000c2300000, 0x00000000c2400000|  0%| F|  |TAMS 0x00000000c2300000, 0x00000000c2300000| Untracked 
|  14|0x00000000c2400000, 0x00000000c2400000, 0x00000000c2500000|  0%| F|  |TAMS 0x00000000c2400000, 0x00000000c2400000| Untracked 
|  15|0x00000000c2500000, 0x00000000c2500000, 0x00000000c2600000|  0%| F|  |TAMS 0x00000000c2500000, 0x00000000c2500000| Untracked 
|  16|0x00000000c2600000, 0x00000000c2600000, 0x00000000c2700000|  0%| F|  |TAMS 0x00000000c2600000, 0x00000000c2600000| Untracked 
|  17|0x00000000c2700000, 0x00000000c2700000, 0x00000000c2800000|  0%| F|  |TAMS 0x00000000c2700000, 0x00000000c2700000| Untracked 
|  18|0x00000000c2800000, 0x00000000c2800000, 0x00000000c2900000|  0%| F|  |TAMS 0x00000000c2800000, 0x00000000c2800000| Untracked 
|  19|0x00000000c2900000, 0x00000000c2900000, 0x00000000c2a00000|  0%| F|  |TAMS 0x00000000c2900000, 0x00000000c2900000| Untracked 
|  20|0x00000000c2a00000, 0x00000000c2a00000, 0x00000000c2b00000|  0%| F|  |TAMS 0x00000000c2a00000, 0x00000000c2a00000| Untracked 
|  21|0x00000000c2b00000, 0x00000000c2b00000, 0x00000000c2c00000|  0%| F|  |TAMS 0x00000000c2b00000, 0x00000000c2b00000| Untracked 
|  22|0x00000000c2c00000, 0x00000000c2c00000, 0x00000000c2d00000|  0%| F|  |TAMS 0x00000000c2c00000, 0x00000000c2c00000| Untracked 
|  23|0x00000000c2d00000, 0x00000000c2d00000, 0x00000000c2e00000|  0%| F|  |TAMS 0x00000000c2d00000, 0x00000000c2d00000| Untracked 
|  24|0x00000000c2e00000, 0x00000000c2e00000, 0x00000000c2f00000|  0%| F|  |TAMS 0x00000000c2e00000, 0x00000000c2e00000| Untracked 
|  25|0x00000000c2f00000, 0x00000000c2fe04d8, 0x00000000c3000000| 87%| S|CS|TAMS 0x00000000c2f00000, 0x00000000c2f00000| Complete 
|  26|0x00000000c3000000, 0x00000000c3100000, 0x00000000c3100000|100%| S|CS|TAMS 0x00000000c3000000, 0x00000000c3000000| Complete 
|  27|0x00000000c3100000, 0x00000000c3200000, 0x00000000c3200000|100%| S|CS|TAMS 0x00000000c3100000, 0x00000000c3100000| Complete 
|  28|0x00000000c3200000, 0x00000000c3300000, 0x00000000c3300000|100%| S|CS|TAMS 0x00000000c3200000, 0x00000000c3200000| Complete 
|  29|0x00000000c3300000, 0x00000000c3400000, 0x00000000c3400000|100%| S|CS|TAMS 0x00000000c3300000, 0x00000000c3300000| Complete 
|  30|0x00000000c3400000, 0x00000000c3400000, 0x00000000c3500000|  0%| F|  |TAMS 0x00000000c3400000, 0x00000000c3400000| Untracked 
|  31|0x00000000c3500000, 0x00000000c3500000, 0x00000000c3600000|  0%| F|  |TAMS 0x00000000c3500000, 0x00000000c3500000| Untracked 
|  32|0x00000000c3600000, 0x00000000c3600000, 0x00000000c3700000|  0%| F|  |TAMS 0x00000000c3600000, 0x00000000c3600000| Untracked 
|  33|0x00000000c3700000, 0x00000000c3700000, 0x00000000c3800000|  0%| F|  |TAMS 0x00000000c3700000, 0x00000000c3700000| Untracked 
|  34|0x00000000c3800000, 0x00000000c3800000, 0x00000000c3900000|  0%| F|  |TAMS 0x00000000c3800000, 0x00000000c3800000| Untracked 
|  35|0x00000000c3900000, 0x00000000c3900000, 0x00000000c3a00000|  0%| F|  |TAMS 0x00000000c3900000, 0x00000000c3900000| Untracked 
|  36|0x00000000c3a00000, 0x00000000c3a00000, 0x00000000c3b00000|  0%| F|  |TAMS 0x00000000c3a00000, 0x00000000c3a00000| Untracked 
|  37|0x00000000c3b00000, 0x00000000c3b00000, 0x00000000c3c00000|  0%| F|  |TAMS 0x00000000c3b00000, 0x00000000c3b00000| Untracked 
|  38|0x00000000c3c00000, 0x00000000c3c00000, 0x00000000c3d00000|  0%| F|  |TAMS 0x00000000c3c00000, 0x00000000c3c00000| Untracked 
|  39|0x00000000c3d00000, 0x00000000c3d00000, 0x00000000c3e00000|  0%| F|  |TAMS 0x00000000c3d00000, 0x00000000c3d00000| Untracked 
|  40|0x00000000c3e00000, 0x00000000c3e00000, 0x00000000c3f00000|  0%| F|  |TAMS 0x00000000c3e00000, 0x00000000c3e00000| Untracked 
|  41|0x00000000c3f00000, 0x00000000c3f00000, 0x00000000c4000000|  0%| F|  |TAMS 0x00000000c3f00000, 0x00000000c3f00000| Untracked 
|  42|0x00000000c4000000, 0x00000000c4000000, 0x00000000c4100000|  0%| F|  |TAMS 0x00000000c4000000, 0x00000000c4000000| Untracked 
|  43|0x00000000c4100000, 0x00000000c4100000, 0x00000000c4200000|  0%| F|  |TAMS 0x00000000c4100000, 0x00000000c4100000| Untracked 
|  44|0x00000000c4200000, 0x00000000c4200000, 0x00000000c4300000|  0%| F|  |TAMS 0x00000000c4200000, 0x00000000c4200000| Untracked 
|  45|0x00000000c4300000, 0x00000000c4300000, 0x00000000c4400000|  0%| F|  |TAMS 0x00000000c4300000, 0x00000000c4300000| Untracked 
|  46|0x00000000c4400000, 0x00000000c4400000, 0x00000000c4500000|  0%| F|  |TAMS 0x00000000c4400000, 0x00000000c4400000| Untracked 
|  47|0x00000000c4500000, 0x00000000c4500000, 0x00000000c4600000|  0%| F|  |TAMS 0x00000000c4500000, 0x00000000c4500000| Untracked 
|  48|0x00000000c4600000, 0x00000000c4600000, 0x00000000c4700000|  0%| F|  |TAMS 0x00000000c4600000, 0x00000000c4600000| Untracked 
|  49|0x00000000c4700000, 0x00000000c4700000, 0x00000000c4800000|  0%| F|  |TAMS 0x00000000c4700000, 0x00000000c4700000| Untracked 
|  50|0x00000000c4800000, 0x00000000c4800000, 0x00000000c4900000|  0%| F|  |TAMS 0x00000000c4800000, 0x00000000c4800000| Untracked 
|  51|0x00000000c4900000, 0x00000000c4900000, 0x00000000c4a00000|  0%| F|  |TAMS 0x00000000c4900000, 0x00000000c4900000| Untracked 
|  52|0x00000000c4a00000, 0x00000000c4a00000, 0x00000000c4b00000|  0%| F|  |TAMS 0x00000000c4a00000, 0x00000000c4a00000| Untracked 
|  53|0x00000000c4b00000, 0x00000000c4b00000, 0x00000000c4c00000|  0%| F|  |TAMS 0x00000000c4b00000, 0x00000000c4b00000| Untracked 
|  54|0x00000000c4c00000, 0x00000000c4c00000, 0x00000000c4d00000|  0%| F|  |TAMS 0x00000000c4c00000, 0x00000000c4c00000| Untracked 
|  55|0x00000000c4d00000, 0x00000000c4d00000, 0x00000000c4e00000|  0%| F|  |TAMS 0x00000000c4d00000, 0x00000000c4d00000| Untracked 
|  56|0x00000000c4e00000, 0x00000000c4e00000, 0x00000000c4f00000|  0%| F|  |TAMS 0x00000000c4e00000, 0x00000000c4e00000| Untracked 
|  57|0x00000000c4f00000, 0x00000000c4f00000, 0x00000000c5000000|  0%| F|  |TAMS 0x00000000c4f00000, 0x00000000c4f00000| Untracked 
|  58|0x00000000c5000000, 0x00000000c5000000, 0x00000000c5100000|  0%| F|  |TAMS 0x00000000c5000000, 0x00000000c5000000| Untracked 
|  59|0x00000000c5100000, 0x00000000c5100000, 0x00000000c5200000|  0%| F|  |TAMS 0x00000000c5100000, 0x00000000c5100000| Untracked 
|  60|0x00000000c5200000, 0x00000000c5200000, 0x00000000c5300000|  0%| F|  |TAMS 0x00000000c5200000, 0x00000000c5200000| Untracked 
|  61|0x00000000c5300000, 0x00000000c5300000, 0x00000000c5400000|  0%| F|  |TAMS 0x00000000c5300000, 0x00000000c5300000| Untracked 
|  62|0x00000000c5400000, 0x00000000c5449d50, 0x00000000c5500000| 28%| E|  |TAMS 0x00000000c5400000, 0x00000000c5400000| Complete 
|  63|0x00000000c5500000, 0x00000000c5600000, 0x00000000c5600000|100%| E|CS|TAMS 0x00000000c5500000, 0x00000000c5500000| Complete 

Card table byte_map: [0x0000017e6be20000,0x0000017e6c020000] _byte_map_base: 0x0000017e6b815000

Marking Bits (Prev, Next): (CMBitMap*) 0x0000017e553d6c30, (CMBitMap*) 0x0000017e553d6c70
 Prev Bits: [0x0000017e6c220000, 0x0000017e6d1c8000)
 Next Bits: [0x0000017e6d1d0000, 0x0000017e6e178000)

Polling page: 0x0000017e53320000

Metaspace:

Usage:
  Non-class:     15.04 MB used.
      Class:      2.18 MB used.
       Both:     17.21 MB used.

Virtual space:
  Non-class space:       16.00 MB reserved,      15.12 MB ( 95%) committed,  2 nodes.
      Class space:        1.00 GB reserved,       2.31 MB ( <1%) committed,  1 nodes.
             Both:        1.02 GB reserved,      17.44 MB (  2%) committed. 

Chunk freelists:
   Non-Class:  880.00 KB
       Class:  1.55 MB
        Both:  2.41 MB

MaxMetaspaceSize: unlimited
CompressedClassSpaceSize: 1.00 GB
Initial GC threshold: 21.00 MB
Current GC threshold: 21.00 MB
CDS: on
MetaspaceReclaimPolicy: balanced
 - commit_granule_bytes: 65536.
 - commit_granule_words: 8192.
 - virtual_space_node_default_size: 1048576.
 - enlarge_chunks_in_place: 1.
 - new_chunks_are_fully_committed: 0.
 - uncommit_free_chunks: 1.
 - use_allocation_guard: 0.
 - handle_deallocations: 1.


Internal statistics:

num_allocs_failed_limit: 0.
num_arena_births: 170.
num_arena_deaths: 0.
num_vsnodes_births: 3.
num_vsnodes_deaths: 0.
num_space_committed: 279.
num_space_uncommitted: 0.
num_chunks_returned_to_freelist: 0.
num_chunks_taken_from_freelist: 748.
num_chunk_merges: 0.
num_chunk_splits: 519.
num_chunks_enlarged: 429.
num_purges: 0.
num_inconsistent_stats: 0.

CodeHeap 'non-profiled nmethods': size=120000Kb used=851Kb max_used=851Kb free=119148Kb
 bounds [0x0000017e646f0000, 0x0000017e64960000, 0x0000017e6bc20000]
CodeHeap 'profiled nmethods': size=120000Kb used=4377Kb max_used=4377Kb free=115622Kb
 bounds [0x0000017e5cc20000, 0x0000017e5d070000, 0x0000017e64150000]
CodeHeap 'non-nmethods': size=5760Kb used=1194Kb max_used=1215Kb free=4565Kb
 bounds [0x0000017e64150000, 0x0000017e643c0000, 0x0000017e646f0000]
 total_blobs=2687 nmethods=2195 adapters=404
 compilation: enabled
              stopped_count=0, restarted_count=0
 full_count=0

Compilation events (20 events):
Event: 7.165 Thread 0x0000017e70636690 2186   !   3       java.lang.ref.ReferenceQueue::remove (125 bytes)
Event: 7.166 Thread 0x0000017e70636690 nmethod 2186 0x0000017e5d05e790 code [0x0000017e5d05e9a0, 0x0000017e5d05f158]
Event: 7.166 Thread 0x0000017e70636690 2187   !   3       jdk.internal.ref.PhantomCleanable::isListEmpty (34 bytes)
Event: 7.166 Thread 0x0000017e70636690 nmethod 2187 0x0000017e5d05f490 code [0x0000017e5d05f620, 0x0000017e5d05f878]
Event: 7.166 Thread 0x0000017e70636690 2188       3       jdk.internal.misc.InnocuousThread::eraseThreadLocals (23 bytes)
Event: 7.166 Thread 0x0000017e70636690 nmethod 2188 0x0000017e5d05f990 code [0x0000017e5d05fb20, 0x0000017e5d05fd18]
Event: 7.167 Thread 0x0000017e70636690 2189       3       org.apache.commons.logging.LogFactory::getLog (8 bytes)
Event: 7.167 Thread 0x0000017e70636690 nmethod 2189 0x0000017e5d05fd90 code [0x0000017e5d05ff80, 0x0000017e5d0604b8]
Event: 7.174 Thread 0x0000017e70636690 2190       3       java.util.zip.ZipEntry::setExtra0 (493 bytes)
Event: 7.177 Thread 0x0000017e70636690 nmethod 2190 0x0000017e5d060690 code [0x0000017e5d060a40, 0x0000017e5d0626f8]
Event: 7.177 Thread 0x0000017e70636690 2191       3       java.util.stream.AbstractPipeline::copyInto (54 bytes)
Event: 7.178 Thread 0x0000017e70636690 nmethod 2191 0x0000017e5d063090 code [0x0000017e5d0632c0, 0x0000017e5d0639f8]
Event: 7.179 Thread 0x0000017e70636690 2192       1       java.net.JarURLConnection::getJarFileURL (5 bytes)
Event: 7.179 Thread 0x0000017e70636690 nmethod 2192 0x0000017e647bdc90 code [0x0000017e647bde20, 0x0000017e647bdef8]
Event: 7.180 Thread 0x0000017e70636690 2193   !   3       java.nio.charset.CharsetDecoder::decode (275 bytes)
Event: 7.183 Thread 0x0000017e70636690 nmethod 2193 0x0000017e5d063c10 code [0x0000017e5d063f40, 0x0000017e5d0653e8]
Event: 7.183 Thread 0x0000017e70636690 2194       3       org.springframework.asm.AnnotationVisitor::<init> (7 bytes)
Event: 7.183 Thread 0x0000017e70636690 nmethod 2194 0x0000017e5d065a90 code [0x0000017e5d065c40, 0x0000017e5d065d88]
Event: 7.183 Thread 0x0000017e70636690 2195       3       org.springframework.asm.AnnotationVisitor::<init> (71 bytes)
Event: 7.184 Thread 0x0000017e70636690 nmethod 2195 0x0000017e5d065e10 code [0x0000017e5d065fe0, 0x0000017e5d066478]

GC Heap History (8 events):
Event: 2.748 GC heap before
{Heap before GC invocations=0 (full 0):
 garbage-first heap   total 65536K, used 13312K [0x00000000c1600000, 0x0000000100000000)
  region size 1024K, 13 young (13312K), 0 survivors (0K)
 Metaspace       used 3542K, committed 3712K, reserved 1056768K
  class space    used 386K, committed 448K, reserved 1048576K
}
Event: 2.898 GC heap after
{Heap after GC invocations=1 (full 0):
 garbage-first heap   total 65536K, used 5994K [0x00000000c1600000, 0x0000000100000000)
  region size 1024K, 2 young (2048K), 2 survivors (2048K)
 Metaspace       used 3542K, committed 3712K, reserved 1056768K
  class space    used 386K, committed 448K, reserved 1048576K
}
Event: 3.886 GC heap before
{Heap before GC invocations=1 (full 0):
 garbage-first heap   total 65536K, used 13162K [0x00000000c1600000, 0x0000000100000000)
  region size 1024K, 9 young (9216K), 2 survivors (2048K)
 Metaspace       used 5625K, committed 5824K, reserved 1056768K
  class space    used 669K, committed 768K, reserved 1048576K
}
Event: 3.894 GC heap after
{Heap after GC invocations=2 (full 0):
 garbage-first heap   total 65536K, used 6811K [0x00000000c1600000, 0x0000000100000000)
  region size 1024K, 1 young (1024K), 1 survivors (1024K)
 Metaspace       used 5625K, committed 5824K, reserved 1056768K
  class space    used 669K, committed 768K, reserved 1048576K
}
Event: 5.621 GC heap before
{Heap before GC invocations=2 (full 0):
 garbage-first heap   total 65536K, used 26267K [0x00000000c1600000, 0x0000000100000000)
  region size 1024K, 20 young (20480K), 1 survivors (1024K)
 Metaspace       used 10305K, committed 10496K, reserved 1064960K
  class space    used 1342K, committed 1408K, reserved 1048576K
}
Event: 5.627 GC heap after
{Heap after GC invocations=3 (full 0):
 garbage-first heap   total 65536K, used 8089K [0x00000000c1600000, 0x0000000100000000)
  region size 1024K, 2 young (2048K), 2 survivors (2048K)
 Metaspace       used 10305K, committed 10496K, reserved 1064960K
  class space    used 1342K, committed 1408K, reserved 1048576K
}
Event: 7.136 GC heap before
{Heap before GC invocations=3 (full 0):
 garbage-first heap   total 65536K, used 40857K [0x00000000c1600000, 0x0000000100000000)
  region size 1024K, 34 young (34816K), 2 survivors (2048K)
 Metaspace       used 17514K, committed 17728K, reserved 1064960K
  class space    used 2215K, committed 2304K, reserved 1048576K
}
Event: 7.146 GC heap after
{Heap after GC invocations=4 (full 0):
 garbage-first heap   total 65536K, used 11069K [0x00000000c1600000, 0x0000000100000000)
  region size 1024K, 5 young (5120K), 5 survivors (5120K)
 Metaspace       used 17514K, committed 17728K, reserved 1064960K
  class space    used 2215K, committed 2304K, reserved 1048576K
}

Deoptimization events (20 events):
Event: 6.761 Thread 0x0000017e5539a880 DEOPT PACKING pc=0x0000017e5cda2ab1 sp=0x0000002207efe3c0
Event: 6.761 Thread 0x0000017e5539a880 DEOPT UNPACKING pc=0x0000017e641a2b43 sp=0x0000002207efd8b0 mode 0
Event: 6.761 Thread 0x0000017e5539a880 DEOPT PACKING pc=0x0000017e5cd40866 sp=0x0000002207efe3f0
Event: 6.761 Thread 0x0000017e5539a880 DEOPT UNPACKING pc=0x0000017e641a2b43 sp=0x0000002207efd8b8 mode 0
Event: 6.762 Thread 0x0000017e5539a880 DEOPT PACKING pc=0x0000017e5cda2ab1 sp=0x0000002207efe3c0
Event: 6.762 Thread 0x0000017e5539a880 DEOPT UNPACKING pc=0x0000017e641a2b43 sp=0x0000002207efd8b0 mode 0
Event: 6.762 Thread 0x0000017e5539a880 DEOPT PACKING pc=0x0000017e5cd40866 sp=0x0000002207efe3f0
Event: 6.762 Thread 0x0000017e5539a880 DEOPT UNPACKING pc=0x0000017e641a2b43 sp=0x0000002207efd8b8 mode 0
Event: 6.943 Thread 0x0000017e5539a880 Uncommon trap: trap_request=0xffffffc6 fr.pc=0x0000017e647b2d7c relative=0x00000000000019dc
Event: 6.943 Thread 0x0000017e5539a880 Uncommon trap: reason=bimorphic_or_optimized_type_check action=maybe_recompile pc=0x0000017e647b2d7c method=java.util.HashMap.putVal(ILjava/lang/Object;Ljava/lang/Object;ZZ)Ljava/lang/Object; @ 203 c2
Event: 6.943 Thread 0x0000017e5539a880 DEOPT PACKING pc=0x0000017e647b2d7c sp=0x0000002207efe2e0
Event: 6.943 Thread 0x0000017e5539a880 DEOPT UNPACKING pc=0x0000017e641a23a3 sp=0x0000002207efe198 mode 2
Event: 6.981 Thread 0x0000017e5539a880 Uncommon trap: trap_request=0xffffffc6 fr.pc=0x0000017e647b2d7c relative=0x00000000000019dc
Event: 6.981 Thread 0x0000017e5539a880 Uncommon trap: reason=bimorphic_or_optimized_type_check action=maybe_recompile pc=0x0000017e647b2d7c method=java.util.HashMap.putVal(ILjava/lang/Object;Ljava/lang/Object;ZZ)Ljava/lang/Object; @ 203 c2
Event: 6.981 Thread 0x0000017e5539a880 DEOPT PACKING pc=0x0000017e647b2d7c sp=0x0000002207efe2e0
Event: 6.981 Thread 0x0000017e5539a880 DEOPT UNPACKING pc=0x0000017e641a23a3 sp=0x0000002207efe198 mode 2
Event: 7.053 Thread 0x0000017e5539a880 Uncommon trap: trap_request=0xffffffc6 fr.pc=0x0000017e647941b4 relative=0x0000000000000834
Event: 7.053 Thread 0x0000017e5539a880 Uncommon trap: reason=bimorphic_or_optimized_type_check action=maybe_recompile pc=0x0000017e647941b4 method=java.util.HashMap.putVal(ILjava/lang/Object;Ljava/lang/Object;ZZ)Ljava/lang/Object; @ 203 c2
Event: 7.053 Thread 0x0000017e5539a880 DEOPT PACKING pc=0x0000017e647941b4 sp=0x0000002207efe270
Event: 7.053 Thread 0x0000017e5539a880 DEOPT UNPACKING pc=0x0000017e641a23a3 sp=0x0000002207efe198 mode 2

Classes unloaded (0 events):
No events

Classes redefined (0 events):
No events

Internal exceptions (20 events):
Event: 4.381 Thread 0x0000017e5539a880 Exception <a 'java/lang/NoSuchMethodError'{0x00000000c52d8368}: 'java.lang.Object java.lang.invoke.DirectMethodHandle$Holder.invokeSpecial(java.lang.Object, java.lang.Object, java.lang.Object, int, java.lang.Object)'> (0x00000000c52d8368) 
thrown [s\open\src\hotspot\share\interpreter\linkResolver.cpp, line 759]
Event: 4.383 Thread 0x0000017e5539a880 Exception <a 'java/lang/NoSuchMethodError'{0x00000000c52e09c8}: 'java.lang.Object java.lang.invoke.DirectMethodHandle$Holder.newInvokeSpecial(java.lang.Object, java.lang.Object, java.lang.Object, int, java.lang.Object)'> (0x00000000c52e09c8) 
thrown [s\open\src\hotspot\share\interpreter\linkResolver.cpp, line 759]
Event: 4.384 Thread 0x0000017e5539a880 Exception <a 'java/lang/NoSuchMethodError'{0x00000000c52e8398}: 'java.lang.Object java.lang.invoke.Invokers$Holder.linkToTargetMethod(java.lang.Object, java.lang.Object, int, java.lang.Object, java.lang.Object)'> (0x00000000c52e8398) 
thrown [s\open\src\hotspot\share\interpreter\linkResolver.cpp, line 759]
Event: 4.387 Thread 0x0000017e5539a880 Exception <a 'java/lang/NoSuchMethodError'{0x00000000c52f7320}: 'java.lang.Object java.lang.invoke.DirectMethodHandle$Holder.newInvokeSpecial(java.lang.Object, int, java.lang.Object)'> (0x00000000c52f7320) 
thrown [s\open\src\hotspot\share\interpreter\linkResolver.cpp, line 759]
Event: 4.388 Thread 0x0000017e5539a880 Exception <a 'java/lang/NoSuchMethodError'{0x00000000c52fc000}: 'int java.lang.invoke.DirectMethodHandle$Holder.invokeSpecialIFC(java.lang.Object, java.lang.Object, java.lang.Object, java.lang.Object)'> (0x00000000c52fc000) 
thrown [s\open\src\hotspot\share\interpreter\linkResolver.cpp, line 759]
Event: 4.588 Thread 0x0000017e5539a880 Exception <a 'java/lang/NoSuchMethodError'{0x00000000c51defc0}: 'void java.lang.invoke.DirectMethodHandle$Holder.invokeInterface(java.lang.Object, java.lang.Object, java.lang.Object)'> (0x00000000c51defc0) 
thrown [s\open\src\hotspot\share\interpreter\linkResolver.cpp, line 759]
Event: 4.738 Thread 0x0000017e5539a880 Exception <a 'java/lang/NoSuchMethodError'{0x00000000c504d498}: 'void java.lang.invoke.DirectMethodHandle$Holder.invokeStatic(java.lang.Object, java.lang.Object)'> (0x00000000c504d498) 
thrown [s\open\src\hotspot\share\interpreter\linkResolver.cpp, line 759]
Event: 4.740 Thread 0x0000017e5539a880 Exception <a 'java/lang/NoSuchMethodError'{0x00000000c5050c98}: 'void java.lang.invoke.DirectMethodHandle$Holder.invokeStaticInit(java.lang.Object, java.lang.Object)'> (0x00000000c5050c98) 
thrown [s\open\src\hotspot\share\interpreter\linkResolver.cpp, line 759]
Event: 4.751 Thread 0x0000017e5539a880 Exception <a 'java/lang/NoSuchMethodError'{0x00000000c505d7e8}: 'void java.lang.invoke.DirectMethodHandle$Holder.invokeStaticInit(java.lang.Object, java.lang.Object, java.lang.Object)'> (0x00000000c505d7e8) 
thrown [s\open\src\hotspot\share\interpreter\linkResolver.cpp, line 759]
Event: 4.766 Thread 0x0000017e5539a880 Exception <a 'java/lang/NoSuchMethodError'{0x00000000c509a210}: 'java.lang.Object java.lang.invoke.DirectMethodHandle$Holder.invokeStatic(java.lang.Object, java.lang.Object, long, java.lang.Object)'> (0x00000000c509a210) 
thrown [s\open\src\hotspot\share\interpreter\linkResolver.cpp, line 759]
Event: 4.767 Thread 0x0000017e5539a880 Exception <a 'java/lang/NoSuchMethodError'{0x00000000c509dca8}: 'java.lang.Object java.lang.invoke.DirectMethodHandle$Holder.invokeStaticInit(java.lang.Object, java.lang.Object, long, java.lang.Object)'> (0x00000000c509dca8) 
thrown [s\open\src\hotspot\share\interpreter\linkResolver.cpp, line 759]
Event: 4.768 Thread 0x0000017e5539a880 Exception <a 'java/lang/NoSuchMethodError'{0x00000000c50a4428}: 'java.lang.Object java.lang.invoke.DirectMethodHandle$Holder.newInvokeSpecial(java.lang.Object, java.lang.Object, long)'> (0x00000000c50a4428) 
thrown [s\open\src\hotspot\share\interpreter\linkResolver.cpp, line 759]
Event: 4.769 Thread 0x0000017e5539a880 Exception <a 'java/lang/NoSuchMethodError'{0x00000000c50a7f98}: 'java.lang.Object java.lang.invoke.Invokers$Holder.linkToTargetMethod(java.lang.Object, long, java.lang.Object)'> (0x00000000c50a7f98) 
thrown [s\open\src\hotspot\share\interpreter\linkResolver.cpp, line 759]
Event: 4.844 Thread 0x0000017e5539a880 Exception <a 'java/lang/NoSuchMethodError'{0x00000000c50ed8e8}: 'void java.lang.invoke.DirectMethodHandle$Holder.invokeVirtual(java.lang.Object, java.lang.Object, java.lang.Object, java.lang.Object)'> (0x00000000c50ed8e8) 
thrown [s\open\src\hotspot\share\interpreter\linkResolver.cpp, line 759]
Event: 4.971 Thread 0x0000017e5539a880 Exception <a 'java/lang/NoSuchMethodError'{0x00000000c4d4ea38}: 'void java.lang.invoke.DirectMethodHandle$Holder.invokeSpecial(java.lang.Object, java.lang.Object, java.lang.Object)'> (0x00000000c4d4ea38) 
thrown [s\open\src\hotspot\share\interpreter\linkResolver.cpp, line 759]
Event: 4.974 Thread 0x0000017e5539a880 Exception <a 'java/lang/NoSuchMethodError'{0x00000000c4d55010}: 'void java.lang.invoke.DirectMethodHandle$Holder.invokeSpecial(java.lang.Object, java.lang.Object, java.lang.Object, java.lang.Object, java.lang.Object)'> (0x00000000c4d55010) 
thrown [s\open\src\hotspot\share\interpreter\linkResolver.cpp, line 759]
Event: 5.003 Thread 0x0000017e5539a880 Exception <a 'java/lang/IncompatibleClassChangeError'{0x00000000c4d886f8}: Found class java.lang.Object, but interface was expected> (0x00000000c4d886f8) 
thrown [s\open\src\hotspot\share\interpreter\linkResolver.cpp, line 826]
Event: 6.165 Thread 0x0000017e5539a880 Exception <a 'java/lang/NoSuchMethodError'{0x00000000c4c48d50}: 'int java.lang.invoke.DirectMethodHandle$Holder.invokeSpecial(java.lang.Object, java.lang.Object, java.lang.Object, java.lang.Object, java.lang.Object)'> (0x00000000c4c48d50) 
thrown [s\open\src\hotspot\share\interpreter\linkResolver.cpp, line 759]
Event: 6.173 Thread 0x0000017e5539a880 Exception <a 'java/lang/NoSuchMethodError'{0x00000000c4c51df0}: 'void java.lang.invoke.DirectMethodHandle$Holder.invokeVirtual(java.lang.Object, java.lang.Object)'> (0x00000000c4c51df0) 
thrown [s\open\src\hotspot\share\interpreter\linkResolver.cpp, line 759]
Event: 6.711 Thread 0x0000017e5539a880 Exception <a 'java/lang/IncompatibleClassChangeError'{0x00000000c3d9eb70}: Found class java.lang.Object, but interface was expected> (0x00000000c3d9eb70) 
thrown [s\open\src\hotspot\share\interpreter\linkResolver.cpp, line 826]

VM Operations (20 events):
Event: 3.886 Executing VM operation: G1CollectForAllocation
Event: 3.894 Executing VM operation: G1CollectForAllocation done
Event: 4.279 Executing VM operation: HandshakeAllThreads
Event: 4.279 Executing VM operation: HandshakeAllThreads done
Event: 4.966 Executing VM operation: HandshakeAllThreads
Event: 4.966 Executing VM operation: HandshakeAllThreads done
Event: 4.966 Executing VM operation: Cleanup
Event: 4.966 Executing VM operation: Cleanup done
Event: 5.621 Executing VM operation: G1CollectForAllocation
Event: 5.628 Executing VM operation: G1CollectForAllocation done
Event: 6.113 Executing VM operation: HandshakeAllThreads
Event: 6.113 Executing VM operation: HandshakeAllThreads done
Event: 6.549 Executing VM operation: HandshakeAllThreads
Event: 6.549 Executing VM operation: HandshakeAllThreads done
Event: 6.749 Executing VM operation: HandshakeAllThreads
Event: 6.749 Executing VM operation: HandshakeAllThreads done
Event: 6.749 Executing VM operation: Cleanup
Event: 6.752 Executing VM operation: Cleanup done
Event: 7.136 Executing VM operation: G1CollectForAllocation
Event: 7.146 Executing VM operation: G1CollectForAllocation done

Events (20 events):
Event: 6.505 loading class java/util/concurrent/ConcurrentLinkedQueue$Node done
Event: 6.509 loading class java/util/concurrent/atomic/AtomicLongArray
Event: 6.509 loading class java/util/concurrent/atomic/AtomicLongArray done
Event: 6.509 loading class java/lang/invoke/VarHandleLongs$Array
Event: 6.510 loading class java/lang/invoke/VarHandleLongs$Array done
Event: 6.511 loading class java/util/concurrent/atomic/AtomicReferenceArray
Event: 6.511 loading class java/util/concurrent/atomic/AtomicReferenceArray done
Event: 6.548 loading class jdk/internal/module/ModulePatcher$PatchedModuleReader
Event: 6.549 loading class jdk/internal/module/ModulePatcher$PatchedModuleReader done
Event: 6.575 loading class javax/naming/ldap/LdapContext
Event: 6.575 loading class javax/naming/directory/DirContext
Event: 6.576 loading class javax/naming/directory/DirContext done
Event: 6.576 loading class javax/naming/ldap/LdapContext done
Event: 6.646 Thread 0x0000017e722621d0 Thread exited: 0x0000017e722621d0
Event: 6.741 loading class sun/text/resources/cldr/FormatData_en
Event: 6.742 loading class sun/text/resources/cldr/FormatData_en done
Event: 6.742 loading class sun/text/resources/cldr/FormatData_en_US
Event: 6.742 loading class sun/text/resources/cldr/FormatData_en_US done
Event: 6.778 loading class java/io/CharArrayReader
Event: 6.781 loading class java/io/CharArrayReader done


Dynamic libraries:
0x00007ff7fe990000 - 0x00007ff7fe9a0000 	C:\Program Files\Java\jdk-17\bin\java.exe
0x00007ff9df770000 - 0x00007ff9df968000 	C:\Windows\SYSTEM32\ntdll.dll
0x00007ff9df5f0000 - 0x00007ff9df6af000 	C:\Windows\System32\KERNEL32.DLL
0x00007ff9dd0d0000 - 0x00007ff9dd3c6000 	C:\Windows\System32\KERNELBASE.dll
0x00007ff9dcee0000 - 0x00007ff9dcfe0000 	C:\Windows\System32\ucrtbase.dll
0x00007ff9d7000000 - 0x00007ff9d7019000 	C:\Program Files\Java\jdk-17\bin\jli.dll
0x00007ff9de4b0000 - 0x00007ff9de55f000 	C:\Windows\System32\ADVAPI32.dll
0x00007ff9df550000 - 0x00007ff9df5ee000 	C:\Windows\System32\msvcrt.dll
0x00007ff9deb20000 - 0x00007ff9debbc000 	C:\Windows\System32\sechost.dll
0x00007ff9de9d0000 - 0x00007ff9deaf6000 	C:\Windows\System32\RPCRT4.dll
0x00007ff9df3b0000 - 0x00007ff9df54d000 	C:\Windows\System32\USER32.dll
0x00007ff9dd520000 - 0x00007ff9dd542000 	C:\Windows\System32\win32u.dll
0x00007ff9de560000 - 0x00007ff9de58c000 	C:\Windows\System32\GDI32.dll
0x00007ff9dd400000 - 0x00007ff9dd515000 	C:\Windows\System32\gdi32full.dll
0x00007ff9dcfe0000 - 0x00007ff9dd07d000 	C:\Windows\System32\msvcp_win.dll
0x00007ff9d6f50000 - 0x00007ff9d6f6b000 	C:\Program Files\Java\jdk-17\bin\VCRUNTIME140.dll
0x00007ff9cda90000 - 0x00007ff9cdd2a000 	C:\Windows\WinSxS\amd64_microsoft.windows.common-controls_6595b64144ccf1df_6.0.19041.1110_none_60b5254171f9507e\COMCTL32.dll
0x00007ff9d3fc0000 - 0x00007ff9d3fca000 	C:\Windows\SYSTEM32\VERSION.dll
0x00007ff9dd830000 - 0x00007ff9dd860000 	C:\Windows\System32\IMM32.DLL
0x00007ff9d8880000 - 0x00007ff9d888c000 	C:\Program Files\Java\jdk-17\bin\vcruntime140_1.dll
0x00007ff9cb8c0000 - 0x00007ff9cb94e000 	C:\Program Files\Java\jdk-17\bin\msvcp140.dll
0x00007ff9abaf0000 - 0x00007ff9ac6cd000 	C:\Program Files\Java\jdk-17\bin\server\jvm.dll
0x00007ff9de150000 - 0x00007ff9de158000 	C:\Windows\System32\PSAPI.DLL
0x00007ff9d1d00000 - 0x00007ff9d1d09000 	C:\Windows\SYSTEM32\WSOCK32.dll
0x00007ff9de440000 - 0x00007ff9de4ab000 	C:\Windows\System32\WS2_32.dll
0x00007ff9cd9e0000 - 0x00007ff9cda07000 	C:\Windows\SYSTEM32\WINMM.dll
0x00007ff9dad00000 - 0x00007ff9dad12000 	C:\Windows\SYSTEM32\kernel.appcore.dll
0x00007ff9d8290000 - 0x00007ff9d829a000 	C:\Program Files\Java\jdk-17\bin\jimage.dll
0x00007ff9d60f0000 - 0x00007ff9d62d4000 	C:\Windows\SYSTEM32\DBGHELP.DLL
0x00007ff9d5d60000 - 0x00007ff9d5d94000 	C:\Windows\SYSTEM32\dbgcore.DLL
0x00007ff9dce50000 - 0x00007ff9dced2000 	C:\Windows\System32\bcryptPrimitives.dll
0x00007ff9d4810000 - 0x00007ff9d4835000 	C:\Program Files\Java\jdk-17\bin\java.dll
0x00007ff9c43e0000 - 0x00007ff9c44b7000 	C:\Program Files\Java\jdk-17\bin\jsvml.dll
0x00007ff9dd860000 - 0x00007ff9ddfa4000 	C:\Windows\System32\SHELL32.dll
0x00007ff9daf00000 - 0x00007ff9db693000 	C:\Windows\SYSTEM32\windows.storage.dll
0x00007ff9de590000 - 0x00007ff9de8e4000 	C:\Windows\System32\combase.dll
0x00007ff9dc7c0000 - 0x00007ff9dc7ee000 	C:\Windows\SYSTEM32\Wldp.dll
0x00007ff9de0a0000 - 0x00007ff9de14d000 	C:\Windows\System32\SHCORE.dll
0x00007ff9dd7d0000 - 0x00007ff9dd825000 	C:\Windows\System32\shlwapi.dll
0x00007ff9dcd90000 - 0x00007ff9dcdaf000 	C:\Windows\SYSTEM32\profapi.dll
0x00007ff9d6f30000 - 0x00007ff9d6f49000 	C:\Program Files\Java\jdk-17\bin\net.dll
0x00007ff9d7040000 - 0x00007ff9d714a000 	C:\Windows\SYSTEM32\WINHTTP.dll
0x00007ff9dc520000 - 0x00007ff9dc58a000 	C:\Windows\system32\mswsock.dll
0x00007ff9d4c70000 - 0x00007ff9d4c86000 	C:\Program Files\Java\jdk-17\bin\nio.dll
0x00007ff9d4640000 - 0x00007ff9d4658000 	C:\Program Files\Java\jdk-17\bin\zip.dll

dbghelp: loaded successfully - version: 4.0.5 - missing functions: none
symbol engine: initialized successfully - sym options: 0x614 - pdb path: .;C:\Program Files\Java\jdk-17\bin;C:\Windows\SYSTEM32;C:\Windows\WinSxS\amd64_microsoft.windows.common-controls_6595b64144ccf1df_6.0.19041.1110_none_60b5254171f9507e;C:\Program Files\Java\jdk-17\bin\server

VM Arguments:
jvm_args: -XX:+ShowCodeDetailsInExceptionMessages -Dfile.encoding=UTF-8 
java_command: learn.spring.api.ApiApplication
java_class_path (initial): C:\Users\Usurio\Documents\VS Folder\Projetos\api\target\classes;C:\Users\Usurio\.m2\repository\org\springframework\boot\spring-boot-starter-data-jpa\3.1.0\spring-boot-starter-data-jpa-3.1.0.jar;C:\Users\Usurio\.m2\repository\org\springframework\boot\spring-boot-starter-aop\3.1.0\spring-boot-starter-aop-3.1.0.jar;C:\Users\Usurio\.m2\repository\org\springframework\spring-aop\6.0.9\spring-aop-6.0.9.jar;C:\Users\Usurio\.m2\repository\org\aspectj\aspectjweaver\1.9.19\aspectjweaver-1.9.19.jar;C:\Users\Usurio\.m2\repository\org\springframework\boot\spring-boot-starter-jdbc\3.1.0\spring-boot-starter-jdbc-3.1.0.jar;C:\Users\Usurio\.m2\repository\com\zaxxer\HikariCP\5.0.1\HikariCP-5.0.1.jar;C:\Users\Usurio\.m2\repository\org\springframework\spring-jdbc\6.0.9\spring-jdbc-6.0.9.jar;C:\Users\Usurio\.m2\repository\org\hibernate\orm\hibernate-core\6.2.2.Final\hibernate-core-6.2.2.Final.jar;C:\Users\Usurio\.m2\repository\jakarta\persistence\jakarta.persistence-api\3.1.0\jakarta.persistence-api-3.1.0.jar;C:\Users\Usurio\.m2\repository\jakarta\transaction\jakarta.transaction-api\2.0.1\jakarta.transaction-api-2.0.1.jar;C:\Users\Usurio\.m2\repository\org\jboss\logging\jboss-logging\3.5.0.Final\jboss-logging-3.5.0.Final.jar;C:\Users\Usurio\.m2\repository\org\hibernate\common\hibernate-commons-annotations\6.0.6.Final\hibernate-commons-annotations-6.0.6.Final.jar;C:\Users\Usurio\.m2\repository\io\smallrye\jandex\3.0.5\jandex-3.0.5.jar;C:\Users\Usurio\.m2\repository\com\fasterxml\classmate\1.5.1\classmate-1.5.1.jar;C:\Users\Usurio\.m2\repository\net\bytebuddy\byte-buddy\1.14.4\byte-buddy-1.14.4.jar;C:\Users\Usurio\.m2\repository\org\glassfish\jaxb\jaxb-runtime\4.0.2\jaxb-runtime-4.0.2.jar;C:\Users\Usurio\.m2\repository\org\glassfish\jaxb\jaxb-core\4.0.2\jaxb-core-4.0.2.jar;C:\Users\Usurio\.m2\repository\org\eclipse\angus\angus-activation\2.0.0\angus-activation-2.0.0.jar;C:\Users\Usurio\.m2\repository\org\glassfish\jaxb\txw2\4.0.2\txw2-4.0.2.
Launcher Type: SUN_STANDARD

[Global flags]
     intx CICompilerCount                          = 3                                         {product} {ergonomic}
     uint ConcGCThreads                            = 1                                         {product} {ergonomic}
     uint G1ConcRefinementThreads                  = 4                                         {product} {ergonomic}
   size_t G1HeapRegionSize                         = 1048576                                   {product} {ergonomic}
    uintx GCDrainStackTargetSize                   = 64                                        {product} {ergonomic}
   size_t InitialHeapSize                          = 67108864                                  {product} {ergonomic}
   size_t MarkStackSize                            = 4194304                                   {product} {ergonomic}
   size_t MaxHeapSize                              = 1050673152                                {product} {ergonomic}
   size_t MaxNewSize                               = 630194176                                 {product} {ergonomic}
   size_t MinHeapDeltaBytes                        = 1048576                                   {product} {ergonomic}
   size_t MinHeapSize                              = 8388608                                   {product} {ergonomic}
    uintx NonNMethodCodeHeapSize                   = 5832780                                {pd product} {ergonomic}
    uintx NonProfiledCodeHeapSize                  = 122912730                              {pd product} {ergonomic}
    uintx ProfiledCodeHeapSize                     = 122912730                              {pd product} {ergonomic}
    uintx ReservedCodeCacheSize                    = 251658240                              {pd product} {ergonomic}
     bool SegmentedCodeCache                       = true                                      {product} {ergonomic}
     bool ShowCodeDetailsInExceptionMessages       = true                                   {manageable} {command line}
   size_t SoftMaxHeapSize                          = 1050673152                             {manageable} {ergonomic}
     bool UseCompressedClassPointers               = true                           {product lp64_product} {ergonomic}
     bool UseCompressedOops                        = true                           {product lp64_product} {ergonomic}
     bool UseG1GC                                  = true                                      {product} {ergonomic}
     bool UseLargePagesIndividualAllocation        = false                                  {pd product} {ergonomic}

Logging:
Log output configuration:
 #0: stdout all=warning uptime,level,tags
 #1: stderr all=off uptime,level,tags

Environment Variables:
JAVA_HOME=C:\Program Files\Eclipse Adoptium\jdk-8.0.345.1-hotspot\
PATH=C:\Program Files\Eclipse Adoptium\jdk-8.0.345.1-hotspot\bin;C:\Program Files\Eclipse Adoptium\jdk-17.0.4.101-hotspot\bin;C:\Program Files\Common Files\Oracle\Java\javapath;C:\Windows\system32;C:\Windows;C:\Windows\System32\Wbem;C:\Windows\System32\WindowsPowerShell\v1.0\;C:\Windows\System32\OpenSSH\;C:\Program Files\Git\cmd;C:\Program Files\nodejs\;C:\Program Files\MySQL\MySQL Shell 8.0\bin\;C:\Users\Usurio\AppData\Local\Microsoft\WindowsApps;C:\Users\Usurio\AppData\Local\GitHubDesktop\bin;C:\Users\Usurio\AppData\Local\Programs\Microsoft VS Code\bin;C:\Users\Usurio\.deno\bin;C:\Users\Usurio\AppData\Roaming\npm
USERNAME=Usurio
OS=Windows_NT
PROCESSOR_IDENTIFIER=Intel64 Family 6 Model 61 Stepping 4, GenuineIntel



---------------  S Y S T E M  ---------------

OS:
 Windows 10 , 64 bit Build 19041 (10.0.19041.3031)
OS uptime: 0 days 5:47 hours

CPU: total 4 (initial active 4) (2 cores per cpu, 2 threads per core) family 6 model 61 stepping 4 microcode 0x2d, cx8, cmov, fxsr, ht, mmx, 3dnowpref, sse, sse2, sse3, ssse3, sse4.1, sse4.2, popcnt, lzcnt, tsc, tscinvbit, avx, avx2, aes, erms, clmul, bmi1, bmi2, adx, fma, vzeroupper, clflush

Memory: 4k page, system-wide physical 4007M (309M free)
TotalPageFile size 16295M (AvailPageFile size 9M)
current process WorkingSet (physical memory assigned to process): 123M, peak: 123M
current process commit charge ("private bytes"): 178M, peak: 178M

vm_info: Java HotSpot(TM) 64-Bit Server VM (17.0.7+8-LTS-224) for windows-amd64 JRE (17.0.7+8-LTS-224), built on Feb 28 2023 23:03:02 by "mach5one" with MS VC++ 17.1 (VS2022)

END.
